<?xml version="1.0" encoding="UTF-8"?>
<!-- Generated by org.testng.reporters.JUnitReportReporter -->
<testsuite hostname="DESKTOP-A91QGQ6" failures="0" tests="4" name="testrunners.AdminLoginTest" time="3.731" errors="0" timestamp="2024-11-08T14:02:14 IST" skipped="0">
  <testcase classname="testrunners.AdminLoginTest" name="runScenario" time="0.062"/>
  <system-out/>
  <testcase classname="testrunners.AdminLoginTest" name="runScenario" time="0.022"/>
  <system-out/>
  <testcase classname="testrunners.AdminLoginTest" name="runScenario" time="2.055"/>
  <system-out/>
  <testcase classname="testrunners.AdminLoginTest" name="runScenario" time="1.592"/>
  <system-out/>
</testsuite> <!-- testrunners.AdminLoginTest -->
