<?xml version="1.0" encoding="UTF-8"?>
<!-- Generated by org.testng.reporters.JUnitReportReporter -->
<testsuite hostname="DESKTOP-A91QGQ6" failures="0" tests="1" name="testrunners.EmployeeLoginTest" time="12.353" errors="0" timestamp="2024-10-01T14:27:44 IST" skipped="0">
  <testcase classname="testrunners.EmployeeLoginTest" name="runScenario" time="12.353"/>
  <system-out/>
</testsuite> <!-- testrunners.EmployeeLoginTest -->
